# JRE version: Java(TM) SE Runtime Environment (18.0.1.1+2) (build 18.0.1.1+2-6)
# Java VM: Java HotSpot(TM) 64-Bit Server VM (18.0.1.1+2-6, mixed mode, sharing, tiered, compressed oops, compressed class ptrs, g1 gc, windows-amd64)
GC Precious Log:
 CardTable entry size: 512
 Card Set container configuration: InlinePtr #cards 5 size 8 Array Of Cards #cards 12 size 40 Howl #buckets 4 coarsen threshold 1843 Howl Bitmap #cards 512 size 80 coarsen threshold 460 Card regions per heap region 1 cards per card region 2048
 CPUs: 4 total, 4 available
 Memory: 8060M
 Large Page Support: Disabled
 NUMA Support: Disabled
 Compressed Oops: Enabled (32-bit)
 Heap Region Size: 1M
 Heap Min Capacity: 8M
 Heap Initial Capacity: 126M
 Heap Max Capacity: 2016M
 Pre-touch: Disabled
 Parallel Workers: 4
 Concurrent Workers: 1
 Concurrent Refinement Workers: 4
 Periodic GC: Disabled
Heap:
 garbage-first heap   total 59392K, used 25724K [0x0000000082000000, 0x0000000100000000)
  region size 1024K, 10 young (10240K), 4 survivors (4096K)
 Metaspace       used 47545K, committed 48000K, reserved 1114112K
  class space    used 6134K, committed 6336K, reserved 1048576K
GC Heap History (16 events):
Event: 0.449 GC heap before
{Heap before GC invocations=0 (full 0):
 garbage-first heap   total 129024K, used 14336K [0x0000000082000000, 0x0000000100000000)
  region size 1024K, 13 young (13312K), 0 survivors (0K)
 Metaspace       used 3556K, committed 3648K, reserved 1114112K
  class space    used 356K, committed 384K, reserved 1048576K
}
Event: 0.454 GC heap after
{Heap after GC invocations=1 (full 0):
 garbage-first heap   total 129024K, used 6098K [0x0000000082000000, 0x0000000100000000)
  region size 1024K, 2 young (2048K), 2 survivors (2048K)
 Metaspace       used 3556K, committed 3648K, reserved 1114112K
  class space    used 356K, committed 384K, reserved 1048576K
}
Event: 0.901 GC heap before
{Heap before GC invocations=1 (full 0):
 garbage-first heap   total 129024K, used 17362K [0x0000000082000000, 0x0000000100000000)
  region size 1024K, 13 young (13312K), 2 survivors (2048K)
 Metaspace       used 6626K, committed 6848K, reserved 1114112K
  class space    used 779K, committed 896K, reserved 1048576K
}
Event: 0.905 GC heap after
{Heap after GC invocations=2 (full 0):
 garbage-first heap   total 129024K, used 7166K [0x0000000082000000, 0x0000000100000000)
  region size 1024K, 1 young (1024K), 1 survivors (1024K)
 Metaspace       used 6626K, committed 6848K, reserved 1114112K
  class space    used 779K, committed 896K, reserved 1048576K
}
Event: 1.369 GC heap before
{Heap before GC invocations=2 (full 0):
 garbage-first heap   total 129024K, used 30718K [0x0000000082000000, 0x0000000100000000)
  region size 1024K, 25 young (25600K), 1 survivors (1024K)
 Metaspace       used 13479K, committed 13696K, reserved 1114112K
  class space    used 1605K, committed 1728K, reserved 1048576K
}
Event: 1.372 GC heap after
{Heap after GC invocations=3 (full 0):
 garbage-first heap   total 129024K, used 8865K [0x0000000082000000, 0x0000000100000000)
  region size 1024K, 3 young (3072K), 3 survivors (3072K)
 Metaspace       used 13479K, committed 13696K, reserved 1114112K
  class space    used 1605K, committed 1728K, reserved 1048576K
}
Event: 2.346 GC heap before
{Heap before GC invocations=3 (full 0):
 garbage-first heap   total 129024K, used 55969K [0x0000000082000000, 0x0000000100000000)
  region size 1024K, 50 young (51200K), 3 survivors (3072K)
 Metaspace       used 21277K, committed 21504K, reserved 1114112K
  class space    used 2584K, committed 2688K, reserved 1048576K
}
Event: 2.354 GC heap after
{Heap after GC invocations=4 (full 0):
 garbage-first heap   total 129024K, used 12735K [0x0000000082000000, 0x0000000100000000)
  region size 1024K, 7 young (7168K), 7 survivors (7168K)
 Metaspace       used 21277K, committed 21504K, reserved 1114112K
  class space    used 2584K, committed 2688K, reserved 1048576K
}
Event: 3.134 GC heap before
{Heap before GC invocations=5 (full 0):
 garbage-first heap   total 48128K, used 47551K [0x0000000082000000, 0x0000000100000000)
  region size 1024K, 41 young (41984K), 7 survivors (7168K)
 Metaspace       used 29661K, committed 30016K, reserved 1114112K
  class space    used 3572K, committed 3776K, reserved 1048576K
}
Event: 3.149 GC heap after
{Heap after GC invocations=6 (full 0):
 garbage-first heap   total 59392K, used 16346K [0x0000000082000000, 0x0000000100000000)
  region size 1024K, 8 young (8192K), 8 survivors (8192K)
 Metaspace       used 29661K, committed 30016K, reserved 1114112K
  class space    used 3572K, committed 3776K, reserved 1048576K
}
Event: 3.642 GC heap before
{Heap before GC invocations=6 (full 0):
 garbage-first heap   total 59392K, used 38874K [0x0000000082000000, 0x0000000100000000)
  region size 1024K, 31 young (31744K), 8 survivors (8192K)
 Metaspace       used 35828K, committed 36160K, reserved 1114112K
  class space    used 4505K, committed 4672K, reserved 1048576K
}
Event: 3.648 GC heap after
{Heap after GC invocations=7 (full 0):
 garbage-first heap   total 59392K, used 17956K [0x0000000082000000, 0x0000000100000000)
  region size 1024K, 2 young (2048K), 2 survivors (2048K)
 Metaspace       used 35828K, committed 36160K, reserved 1114112K
  class space    used 4505K, committed 4672K, reserved 1048576K
}
Event: 4.163 GC heap before
{Heap before GC invocations=8 (full 0):
 garbage-first heap   total 59392K, used 43556K [0x0000000082000000, 0x0000000100000000)
  region size 1024K, 27 young (27648K), 2 survivors (2048K)
 Metaspace       used 42027K, committed 42368K, reserved 1114112K
  class space    used 5414K, committed 5568K, reserved 1048576K
}
Event: 4.167 GC heap after
{Heap after GC invocations=9 (full 0):
 garbage-first heap   total 59392K, used 19722K [0x0000000082000000, 0x0000000100000000)
  region size 1024K, 4 young (4096K), 4 survivors (4096K)
 Metaspace       used 42027K, committed 42368K, reserved 1114112K
  class space    used 5414K, committed 5568K, reserved 1048576K
}
Event: 4.673 GC heap before
{Heap before GC invocations=9 (full 0):
 garbage-first heap   total 59392K, used 44298K [0x0000000082000000, 0x0000000100000000)
  region size 1024K, 28 young (28672K), 4 survivors (4096K)
 Metaspace       used 45900K, committed 46336K, reserved 1114112K
  class space    used 5953K, committed 6144K, reserved 1048576K
}
Event: 4.680 GC heap after
{Heap after GC invocations=10 (full 0):
 garbage-first heap   total 59392K, used 21628K [0x0000000082000000, 0x0000000100000000)
  region size 1024K, 4 young (4096K), 4 survivors (4096K)
 Metaspace       used 45900K, committed 46336K, reserved 1114112K
  class space    used 5953K, committed 6144K, reserved 1048576K
}

